<?xml version='1.0'?>
<ns2:test-suite xmlns:ns2='urn:model.allure.qatools.yandex.ru' start='1648148073549' stop='1648148074342'>
    <name>My Login application</name>
    <title>My Login application</title>
    <test-cases>
        <test-case start='1648148073550' status='broken' stop='1648148073927'>
            <name>open base url</name>
            <title>open base url</title>
            <labels>
                <label name='language' value='javascript'/>
                <label name='framework' value='wdio'/>
                <label name='thread' value='0-0'/>
            </labels>
            <parameters>
                <parameter kind='argument' name='browser' value='chrome-99.0.4844.83'/>
            </parameters>
            <steps>
                <step start='1648148073557' status='passed' stop='1648148073925'>
                    <name>GET /session/:sessionId/screenshot</name>
                    <title>GET /session/:sessionId/screenshot</title>
                    <attachments>
                        <attachment title='Screenshot' source='6ac77168-e88c-497e-a463-cba0becc6d73-attachment.png' type='image/png' size='16781'/>
                    </attachments>
                    <steps/>
                </step>
            </steps>
            <attachments/>
            <failure>
                <message>Cannot read properties of undefined (reading 'baseUrl')</message>
                <stack-trace>TypeError: Cannot read properties of undefined (reading 'baseUrl')
                    at Context.&lt;anonymous> (/Volumes/Saiful's-SSD/6th-Semster/Software Implementation and Testing/Final_project/test/specs/suite.spec.js:6:36)
                    at Context.executeAsync (/Volumes/Saiful's-SSD/6th-Semster/Software Implementation and Testing/Final_project/node_modules/@wdio/utils/build/shim.js:331:27)
                    at Context.testFrameworkFnWrapper (/Volumes/Saiful's-SSD/6th-Semster/Software Implementation and Testing/Final_project/node_modules/@wdio/utils/build/test-framework/testFnWrapper.js:45:32)</stack-trace>
            </failure>
        </test-case>
        <test-case start='1648148073928' status='broken' stop='1648148074339'>
            <name>search</name>
            <title>search</title>
            <labels>
                <label name='language' value='javascript'/>
                <label name='framework' value='wdio'/>
                <label name='thread' value='0-0'/>
            </labels>
            <parameters>
                <parameter kind='argument' name='browser' value='chrome-99.0.4844.83'/>
            </parameters>
            <steps>
                <step start='1648148073932' status='passed' stop='1648148074012'>
                    <name>POST /session/:sessionId/element</name>
                    <title>POST /session/:sessionId/element</title>
                    <attachments>
                        <attachment title='Request' source='340ba69d-c050-4c30-91ea-cb9b455fb13c-attachment.json' type='application/json' size='74'/>
                        <attachment title='Response' source='3280241b-1995-439d-b23e-38ecaf2d0741-attachment.json' type='application/json' size='1955'/>
                    </attachments>
                    <steps/>
                </step>
                <step start='1648148074020' status='passed' stop='1648148074338'>
                    <name>GET /session/:sessionId/screenshot</name>
                    <title>GET /session/:sessionId/screenshot</title>
                    <attachments>
                        <attachment title='Screenshot' source='6d6c6ecc-fb7c-4a21-8800-f3d1f45f3080-attachment.png' type='image/png' size='16781'/>
                    </attachments>
                    <steps/>
                </step>
            </steps>
            <attachments/>
            <failure>
                <message>elem[prop] is not a function</message>
                <stack-trace>TypeError: elem[prop] is not a function
                    at /Volumes/Saiful's-SSD/6th-Semster/Software Implementation and Testing/Final_project/node_modules/@wdio/utils/build/shim.js:253:38
                    at processTicksAndRejections (node:internal/process/task_queues:96:5)
                    at async Context.&lt;anonymous> (/Volumes/Saiful's-SSD/6th-Semster/Software Implementation and Testing/Final_project/test/specs/suite.spec.js:10:7)</stack-trace>
            </failure>
        </test-case>
    </test-cases>
</ns2:test-suite>