<?xml version='1.0'?>
<ns2:test-suite xmlns:ns2='urn:model.allure.qatools.yandex.ru' start='1648148116752' stop='1648148117502'>
    <name>My Login application</name>
    <title>My Login application</title>
    <test-cases>
        <test-case start='1648148116752' status='broken' stop='1648148117177'>
            <name>open base url</name>
            <title>open base url</title>
            <labels>
                <label name='language' value='javascript'/>
                <label name='framework' value='wdio'/>
                <label name='thread' value='0-0'/>
            </labels>
            <parameters>
                <parameter kind='argument' name='browser' value='chrome-99.0.4844.83'/>
            </parameters>
            <steps>
                <step start='1648148116757' status='passed' stop='1648148117176'>
                    <name>GET /session/:sessionId/screenshot</name>
                    <title>GET /session/:sessionId/screenshot</title>
                    <attachments>
                        <attachment title='Screenshot' source='4530e487-c2de-467b-8da6-07cb18f6547c-attachment.png' type='image/png' size='16781'/>
                    </attachments>
                    <steps/>
                </step>
            </steps>
            <attachments/>
            <failure>
                <message>Cannot read properties of undefined (reading 'baseUrl')</message>
                <stack-trace>TypeError: Cannot read properties of undefined (reading 'baseUrl')
                    at Context.&lt;anonymous> (/Volumes/Saiful's-SSD/6th-Semster/Software Implementation and Testing/Final_project/test/specs/suite.spec.js:6:36)
                    at Context.executeAsync (/Volumes/Saiful's-SSD/6th-Semster/Software Implementation and Testing/Final_project/node_modules/@wdio/utils/build/shim.js:331:27)
                    at Context.testFrameworkFnWrapper (/Volumes/Saiful's-SSD/6th-Semster/Software Implementation and Testing/Final_project/node_modules/@wdio/utils/build/test-framework/testFnWrapper.js:45:32)</stack-trace>
            </failure>
        </test-case>
        <test-case start='1648148117179' status='broken' stop='1648148117500'>
            <name>search</name>
            <title>search</title>
            <labels>
                <label name='language' value='javascript'/>
                <label name='framework' value='wdio'/>
                <label name='thread' value='0-0'/>
            </labels>
            <parameters>
                <parameter kind='argument' name='browser' value='chrome-99.0.4844.83'/>
            </parameters>
            <steps>
                <step start='1648148117182' status='passed' stop='1648148117209'>
                    <name>POST /session/:sessionId/element</name>
                    <title>POST /session/:sessionId/element</title>
                    <attachments>
                        <attachment title='Request' source='9c464f19-dbdb-4753-a01e-3ad6c08532fb-attachment.json' type='application/json' size='74'/>
                        <attachment title='Response' source='5fff0f9e-333a-4d59-9c5f-9093cb2b8c4e-attachment.json' type='application/json' size='1955'/>
                    </attachments>
                    <steps/>
                </step>
                <step start='1648148117220' status='passed' stop='1648148117500'>
                    <name>GET /session/:sessionId/screenshot</name>
                    <title>GET /session/:sessionId/screenshot</title>
                    <attachments>
                        <attachment title='Screenshot' source='c9d02e5f-0910-438e-ad6d-d7d7fcb807ac-attachment.png' type='image/png' size='16781'/>
                    </attachments>
                    <steps/>
                </step>
            </steps>
            <attachments/>
            <failure>
                <message>elem[prop] is not a function</message>
                <stack-trace>TypeError: elem[prop] is not a function
                    at /Volumes/Saiful's-SSD/6th-Semster/Software Implementation and Testing/Final_project/node_modules/@wdio/utils/build/shim.js:253:38
                    at processTicksAndRejections (node:internal/process/task_queues:96:5)
                    at async Context.&lt;anonymous> (/Volumes/Saiful's-SSD/6th-Semster/Software Implementation and Testing/Final_project/test/specs/suite.spec.js:10:7)</stack-trace>
            </failure>
        </test-case>
    </test-cases>
</ns2:test-suite>